<?xml version="1.0" encoding="UTF-8"?><testsuites failures="54" name="dependency-check" tests="53">
  <testsuite failures="0" errors="0" time="0" id="0" name="/var/lib/jenkins/workspace/devops-project/target/achat-1.1.jar" package="achat-1.1.jar" skipped="0" tests="1" timestamp="2023-10-08T15:12:09.506474">
    <testcase classname="dependency-check" name="achat-1.1.jar"/>
  </testsuite>
  <testsuite failures="0" errors="0" time="0" id="1" name="/var/lib/jenkins/workspace/devops-project/target/achat-1.1.jar/BOOT-INF/lib/HikariCP-4.0.3.jar" package="achat-1.1.jar: HikariCP-4.0.3.jar" skipped="0" tests="1" timestamp="2023-10-08T15:12:09.506474">
    <testcase classname="dependency-check" name="achat-1.1.jar: HikariCP-4.0.3.jar"/>
  </testsuite>
  <testsuite failures="0" errors="0" time="0" id="2" name="/var/lib/jenkins/workspace/devops-project/target/achat-1.1.jar/BOOT-INF/lib/antlr-2.7.7.jar" package="achat-1.1.jar: antlr-2.7.7.jar" skipped="0" tests="1" timestamp="2023-10-08T15:12:09.506474">
    <testcase classname="dependency-check" name="achat-1.1.jar: antlr-2.7.7.jar"/>
  </testsuite>
  <testsuite failures="0" errors="0" time="0" id="3" name="/var/lib/jenkins/workspace/devops-project/target/achat-1.1.jar/BOOT-INF/lib/aspectjweaver-1.9.7.jar" package="achat-1.1.jar: aspectjweaver-1.9.7.jar" skipped="0" tests="1" timestamp="2023-10-08T15:12:09.506474">
    <testcase classname="dependency-check" name="achat-1.1.jar: aspectjweaver-1.9.7.jar"/>
  </testsuite>
  <testsuite failures="0" errors="0" time="0" id="4" name="/var/lib/jenkins/workspace/devops-project/target/achat-1.1.jar/BOOT-INF/lib/byte-buddy-1.10.22.jar/META-INF/maven/net.bytebuddy/byte-buddy-dep/pom.xml" package="achat-1.1.jar: byte-buddy-1.10.22.jar (shaded: net.bytebuddy:byte-buddy-dep:1.10.22)" skipped="0" tests="1" timestamp="2023-10-08T15:12:09.506474">
    <testcase classname="dependency-check" name="achat-1.1.jar: byte-buddy-1.10.22.jar (shaded: net.bytebuddy:byte-buddy-dep:1.10.22)"/>
  </testsuite>
  <testsuite failures="0" errors="0" time="0" id="5" name="/var/lib/jenkins/workspace/devops-project/target/achat-1.1.jar/BOOT-INF/lib/byte-buddy-1.10.22.jar" package="achat-1.1.jar: byte-buddy-1.10.22.jar" skipped="0" tests="1" timestamp="2023-10-08T15:12:09.506474">
    <testcase classname="dependency-check" name="achat-1.1.jar: byte-buddy-1.10.22.jar"/>
  </testsuite>
  <testsuite failures="0" errors="0" time="0" id="6" name="/var/lib/jenkins/workspace/devops-project/target/achat-1.1.jar/BOOT-INF/lib/classgraph-4.8.83.jar" package="achat-1.1.jar: classgraph-4.8.83.jar" skipped="0" tests="1" timestamp="2023-10-08T15:12:09.506474">
    <testcase classname="dependency-check" name="achat-1.1.jar: classgraph-4.8.83.jar"/>
  </testsuite>
  <testsuite failures="0" errors="0" time="0" id="7" name="/var/lib/jenkins/workspace/devops-project/target/achat-1.1.jar/BOOT-INF/lib/classmate-1.5.1.jar" package="achat-1.1.jar: classmate-1.5.1.jar" skipped="0" tests="1" timestamp="2023-10-08T15:12:09.506474">
    <testcase classname="dependency-check" name="achat-1.1.jar: classmate-1.5.1.jar"/>
  </testsuite>
  <testsuite failures="0" errors="0" time="0" id="8" name="/var/lib/jenkins/workspace/devops-project/target/achat-1.1.jar/BOOT-INF/lib/dom4j-2.1.3.jar" package="achat-1.1.jar: dom4j-2.1.3.jar" skipped="0" tests="1" timestamp="2023-10-08T15:12:09.506474">
    <testcase classname="dependency-check" name="achat-1.1.jar: dom4j-2.1.3.jar"/>
  </testsuite>
  <testsuite failures="0" errors="0" time="0" id="9" name="/var/lib/jenkins/workspace/devops-project/target/achat-1.1.jar/BOOT-INF/lib/hibernate-commons-annotations-5.1.2.Final.jar" package="achat-1.1.jar: hibernate-commons-annotations-5.1.2.Final.jar" skipped="0" tests="1" timestamp="2023-10-08T15:12:09.506474">
    <testcase classname="dependency-check" name="achat-1.1.jar: hibernate-commons-annotations-5.1.2.Final.jar"/>
  </testsuite>
  <testsuite failures="0" errors="0" time="0" id="10" name="/var/lib/jenkins/workspace/devops-project/target/achat-1.1.jar/BOOT-INF/lib/hibernate-core-5.4.32.Final.jar" package="achat-1.1.jar: hibernate-core-5.4.32.Final.jar" skipped="0" tests="1" timestamp="2023-10-08T15:12:09.506474">
    <testcase classname="dependency-check" name="achat-1.1.jar: hibernate-core-5.4.32.Final.jar"/>
  </testsuite>
  <testsuite failures="0" errors="0" time="0" id="11" name="/var/lib/jenkins/workspace/devops-project/target/achat-1.1.jar/BOOT-INF/lib/istack-commons-runtime-3.0.12.jar" package="achat-1.1.jar: istack-commons-runtime-3.0.12.jar" skipped="0" tests="1" timestamp="2023-10-08T15:12:09.506474">
    <testcase classname="dependency-check" name="achat-1.1.jar: istack-commons-runtime-3.0.12.jar"/>
  </testsuite>
  <testsuite failures="0" errors="0" time="0" id="12" name="/var/lib/jenkins/workspace/devops-project/target/achat-1.1.jar/BOOT-INF/lib/jackson-core-2.12.4.jar" package="achat-1.1.jar: jackson-core-2.12.4.jar" skipped="0" tests="1" timestamp="2023-10-08T15:12:09.506474">
    <testcase classname="dependency-check" name="achat-1.1.jar: jackson-core-2.12.4.jar"/>
  </testsuite>
  <testsuite failures="5" errors="0" time="0" id="13" name="/var/lib/jenkins/workspace/devops-project/target/achat-1.1.jar/BOOT-INF/lib/jackson-databind-2.12.4.jar" package="achat-1.1.jar: jackson-databind-2.12.4.jar" skipped="0" tests="5" timestamp="2023-10-08T15:12:09.506474">
    <testcase classname="CVE-2020-36518" name="pkg:maven/com.fasterxml.jackson.core/jackson-databind@2.12.4">
      <failure message="cvssV3: HIGH, score: 7.5 (CVSS:3.1/AV:N/AC:L/PR:N/UI:N/S:U/C:N/I:N/A:H)"/>
      <system-out>jackson-databind before 2.13.0 allows a Java StackOverflow exception and denial of service via a large depth of nested objects.</system-out>
      <system-err>location: /var/lib/jenkins/workspace/devops-project/target/achat-1.1.jar/BOOT-INF/lib/jackson-databind-2.12.4.jar, project-references: [  ]</system-err>
    </testcase>
    <testcase classname="CVE-2021-46877" name="pkg:maven/com.fasterxml.jackson.core/jackson-databind@2.12.4">
      <failure message="cvssV3: HIGH, score: 7.5 (CVSS:3.1/AV:N/AC:L/PR:N/UI:N/S:U/C:N/I:N/A:H)"/>
      <system-out>jackson-databind 2.10.x through 2.12.x before 2.12.6 and 2.13.x before 2.13.1 allows attackers to cause a denial of service (2 GB transient heap usage per read) in uncommon situations involving JsonNode JDK serialization.</system-out>
      <system-err>location: /var/lib/jenkins/workspace/devops-project/target/achat-1.1.jar/BOOT-INF/lib/jackson-databind-2.12.4.jar, project-references: [  ]</system-err>
    </testcase>
    <testcase classname="CVE-2022-42003" name="pkg:maven/com.fasterxml.jackson.core/jackson-databind@2.12.4">
      <failure message="cvssV3: HIGH, score: 7.5 (CVSS:3.1/AV:N/AC:L/PR:N/UI:N/S:U/C:N/I:N/A:H)"/>
      <system-out>In FasterXML jackson-databind before 2.14.0-rc1, resource exhaustion can occur because of a lack of a check in primitive value deserializers to avoid deep wrapper array nesting, when the UNWRAP_SINGLE_VALUE_ARRAYS feature is enabled. Additional fix version in 2.13.4.1 and 2.12.17.1</system-out>
      <system-err>location: /var/lib/jenkins/workspace/devops-project/target/achat-1.1.jar/BOOT-INF/lib/jackson-databind-2.12.4.jar, project-references: [  ]</system-err>
    </testcase>
    <testcase classname="CVE-2022-42004" name="pkg:maven/com.fasterxml.jackson.core/jackson-databind@2.12.4">
      <failure message="cvssV3: HIGH, score: 7.5 (CVSS:3.1/AV:N/AC:L/PR:N/UI:N/S:U/C:N/I:N/A:H)"/>
      <system-out>In FasterXML jackson-databind before 2.13.4, resource exhaustion can occur because of a lack of a check in BeanDeserializer._deserializeFromArray to prevent use of deeply nested arrays. An application is vulnerable only with certain customized choices for deserialization.</system-out>
      <system-err>location: /var/lib/jenkins/workspace/devops-project/target/achat-1.1.jar/BOOT-INF/lib/jackson-databind-2.12.4.jar, project-references: [  ]</system-err>
    </testcase>
    <testcase classname="CVE-2023-35116" name="pkg:maven/com.fasterxml.jackson.core/jackson-databind@2.12.4">
      <failure message="cvssV3: MEDIUM, score: 4.7 (CVSS:3.1/AV:L/AC:H/PR:L/UI:N/S:U/C:N/I:N/A:H)"/>
      <system-out>** DISPUTED ** jackson-databind through 2.15.2 allows attackers to cause a denial of service or other unspecified impact via a crafted object that uses cyclic dependencies. NOTE: the vendor&apos;s perspective is that this is not a valid vulnerability report, because the steps of constructing a cyclic data structure and trying to serialize it cannot be achieved by an external attacker.</system-out>
      <system-err>location: /var/lib/jenkins/workspace/devops-project/target/achat-1.1.jar/BOOT-INF/lib/jackson-databind-2.12.4.jar, project-references: [  ]</system-err>
    </testcase>
  </testsuite>
  <testsuite failures="0" errors="0" time="0" id="14" name="/var/lib/jenkins/workspace/devops-project/target/achat-1.1.jar/BOOT-INF/lib/jakarta.activation-1.2.2.jar" package="achat-1.1.jar: jakarta.activation-1.2.2.jar" skipped="0" tests="1" timestamp="2023-10-08T15:12:09.506474">
    <testcase classname="dependency-check" name="achat-1.1.jar: jakarta.activation-1.2.2.jar"/>
  </testsuite>
  <testsuite failures="0" errors="0" time="0" id="15" name="/var/lib/jenkins/workspace/devops-project/target/achat-1.1.jar/BOOT-INF/lib/jakarta.activation-api-1.2.2.jar" package="achat-1.1.jar: jakarta.activation-api-1.2.2.jar" skipped="0" tests="1" timestamp="2023-10-08T15:12:09.506474">
    <testcase classname="dependency-check" name="achat-1.1.jar: jakarta.activation-api-1.2.2.jar"/>
  </testsuite>
  <testsuite failures="0" errors="0" time="0" id="16" name="/var/lib/jenkins/workspace/devops-project/target/achat-1.1.jar/BOOT-INF/lib/jakarta.annotation-api-1.3.5.jar" package="achat-1.1.jar: jakarta.annotation-api-1.3.5.jar" skipped="0" tests="1" timestamp="2023-10-08T15:12:09.506474">
    <testcase classname="dependency-check" name="achat-1.1.jar: jakarta.annotation-api-1.3.5.jar"/>
  </testsuite>
  <testsuite failures="0" errors="0" time="0" id="17" name="/var/lib/jenkins/workspace/devops-project/target/achat-1.1.jar/BOOT-INF/lib/jakarta.persistence-api-2.2.3.jar" package="achat-1.1.jar: jakarta.persistence-api-2.2.3.jar" skipped="0" tests="1" timestamp="2023-10-08T15:12:09.506474">
    <testcase classname="dependency-check" name="achat-1.1.jar: jakarta.persistence-api-2.2.3.jar"/>
  </testsuite>
  <testsuite failures="0" errors="0" time="0" id="18" name="/var/lib/jenkins/workspace/devops-project/target/achat-1.1.jar/BOOT-INF/lib/jakarta.transaction-api-1.3.3.jar" package="achat-1.1.jar: jakarta.transaction-api-1.3.3.jar" skipped="0" tests="1" timestamp="2023-10-08T15:12:09.506474">
    <testcase classname="dependency-check" name="achat-1.1.jar: jakarta.transaction-api-1.3.3.jar"/>
  </testsuite>
  <testsuite failures="0" errors="0" time="0" id="19" name="/var/lib/jenkins/workspace/devops-project/target/achat-1.1.jar/BOOT-INF/lib/jakarta.xml.bind-api-2.3.3.jar" package="achat-1.1.jar: jakarta.xml.bind-api-2.3.3.jar" skipped="0" tests="1" timestamp="2023-10-08T15:12:09.506474">
    <testcase classname="dependency-check" name="achat-1.1.jar: jakarta.xml.bind-api-2.3.3.jar"/>
  </testsuite>
  <testsuite failures="0" errors="0" time="0" id="20" name="/var/lib/jenkins/workspace/devops-project/target/achat-1.1.jar/BOOT-INF/lib/jandex-2.2.3.Final.jar" package="achat-1.1.jar: jandex-2.2.3.Final.jar" skipped="0" tests="1" timestamp="2023-10-08T15:12:09.506474">
    <testcase classname="dependency-check" name="achat-1.1.jar: jandex-2.2.3.Final.jar"/>
  </testsuite>
  <testsuite failures="0" errors="0" time="0" id="21" name="/var/lib/jenkins/workspace/devops-project/target/achat-1.1.jar/BOOT-INF/lib/javassist-3.27.0-GA.jar" package="achat-1.1.jar: javassist-3.27.0-GA.jar" skipped="0" tests="1" timestamp="2023-10-08T15:12:09.506474">
    <testcase classname="dependency-check" name="achat-1.1.jar: javassist-3.27.0-GA.jar"/>
  </testsuite>
  <testsuite failures="0" errors="0" time="0" id="22" name="/var/lib/jenkins/workspace/devops-project/target/achat-1.1.jar/BOOT-INF/lib/jaxb-runtime-2.3.4.jar" package="achat-1.1.jar: jaxb-runtime-2.3.4.jar" skipped="0" tests="1" timestamp="2023-10-08T15:12:09.506474">
    <testcase classname="dependency-check" name="achat-1.1.jar: jaxb-runtime-2.3.4.jar"/>
  </testsuite>
  <testsuite failures="0" errors="0" time="0" id="23" name="/var/lib/jenkins/workspace/devops-project/target/achat-1.1.jar/BOOT-INF/lib/jboss-logging-3.4.2.Final.jar" package="achat-1.1.jar: jboss-logging-3.4.2.Final.jar" skipped="0" tests="1" timestamp="2023-10-08T15:12:09.506474">
    <testcase classname="dependency-check" name="achat-1.1.jar: jboss-logging-3.4.2.Final.jar"/>
  </testsuite>
  <testsuite failures="0" errors="0" time="0" id="24" name="/var/lib/jenkins/workspace/devops-project/target/achat-1.1.jar/BOOT-INF/lib/jul-to-slf4j-1.7.32.jar" package="achat-1.1.jar: jul-to-slf4j-1.7.32.jar" skipped="0" tests="1" timestamp="2023-10-08T15:12:09.506474">
    <testcase classname="dependency-check" name="achat-1.1.jar: jul-to-slf4j-1.7.32.jar"/>
  </testsuite>
  <testsuite failures="0" errors="0" time="0" id="25" name="/var/lib/jenkins/workspace/devops-project/target/achat-1.1.jar/BOOT-INF/lib/log4j-api-2.14.1.jar" package="achat-1.1.jar: log4j-api-2.14.1.jar" skipped="0" tests="1" timestamp="2023-10-08T15:12:09.506474">
    <testcase classname="dependency-check" name="achat-1.1.jar: log4j-api-2.14.1.jar"/>
  </testsuite>
  <testsuite failures="0" errors="0" time="0" id="26" name="/var/lib/jenkins/workspace/devops-project/target/achat-1.1.jar/BOOT-INF/lib/log4j-to-slf4j-2.14.1.jar" package="achat-1.1.jar: log4j-to-slf4j-2.14.1.jar" skipped="0" tests="1" timestamp="2023-10-08T15:12:09.506474">
    <testcase classname="dependency-check" name="achat-1.1.jar: log4j-to-slf4j-2.14.1.jar"/>
  </testsuite>
  <testsuite failures="1" errors="0" time="0" id="27" name="/var/lib/jenkins/workspace/devops-project/target/achat-1.1.jar/BOOT-INF/lib/logback-core-1.2.4.jar" package="achat-1.1.jar: logback-core-1.2.4.jar" skipped="0" tests="1" timestamp="2023-10-08T15:12:09.506474">
    <testcase classname="CVE-2021-42550" name="pkg:maven/ch.qos.logback/logback-core@1.2.4">
      <failure message="cvssV3: MEDIUM, score: 6.6 (CVSS:3.1/AV:N/AC:H/PR:H/UI:N/S:U/C:H/I:H/A:H)"/>
      <system-out>In logback version 1.2.7 and prior versions, an attacker with the required privileges to edit configurations files could craft a malicious configuration allowing to execute arbitrary code loaded from LDAP servers.</system-out>
      <system-err>location: /var/lib/jenkins/workspace/devops-project/target/achat-1.1.jar/BOOT-INF/lib/logback-core-1.2.4.jar, project-references: [  ]</system-err>
    </testcase>
  </testsuite>
  <testsuite failures="0" errors="0" time="0" id="28" name="/var/lib/jenkins/workspace/devops-project/target/achat-1.1.jar/BOOT-INF/lib/mapstruct-1.3.1.Final.jar" package="achat-1.1.jar: mapstruct-1.3.1.Final.jar" skipped="0" tests="1" timestamp="2023-10-08T15:12:09.506474">
    <testcase classname="dependency-check" name="achat-1.1.jar: mapstruct-1.3.1.Final.jar"/>
  </testsuite>
  <testsuite failures="2" errors="0" time="0" id="29" name="/var/lib/jenkins/workspace/devops-project/target/achat-1.1.jar/BOOT-INF/lib/mysql-connector-java-8.0.26.jar" package="achat-1.1.jar: mysql-connector-java-8.0.26.jar" skipped="0" tests="2" timestamp="2023-10-08T15:12:09.506474">
    <testcase classname="CVE-2022-21363" name="pkg:maven/mysql/mysql-connector-java@8.0.26">
      <failure message="cvssV3: MEDIUM, score: 6.6 (CVSS:3.1/AV:N/AC:H/PR:H/UI:N/S:U/C:H/I:H/A:H)"/>
      <system-out>Vulnerability in the MySQL Connectors product of Oracle MySQL (component: Connector/J). Supported versions that are affected are 8.0.27 and prior. Difficult to exploit vulnerability allows high privileged attacker with network access via multiple protocols to compromise MySQL Connectors. Successful attacks of this vulnerability can result in takeover of MySQL Connectors. CVSS 3.1 Base Score 6.6 (Confidentiality, Integrity and Availability impacts). CVSS Vector: (CVSS:3.1/AV:N/AC:H/PR:H/UI:N/S:U/C:H/I:H/A:H).</system-out>
      <system-err>location: /var/lib/jenkins/workspace/devops-project/target/achat-1.1.jar/BOOT-INF/lib/mysql-connector-java-8.0.26.jar, project-references: [  ]</system-err>
    </testcase>
    <testcase classname="CVE-2021-2471" name="pkg:maven/mysql/mysql-connector-java@8.0.26">
      <failure message="cvssV3: MEDIUM, score: 5.9 (CVSS:3.1/AV:N/AC:H/PR:H/UI:N/S:U/C:H/I:N/A:H)"/>
      <system-out>Vulnerability in the MySQL Connectors product of Oracle MySQL (component: Connector/J). Supported versions that are affected are 8.0.26 and prior. Difficult to exploit vulnerability allows high privileged attacker with network access via multiple protocols to compromise MySQL Connectors. Successful attacks of this vulnerability can result in unauthorized access to critical data or complete access to all MySQL Connectors accessible data and unauthorized ability to cause a hang or frequently repeatable crash (complete DOS) of MySQL Connectors. CVSS 3.1 Base Score 5.9 (Confidentiality and Availability impacts). CVSS Vector: (CVSS:3.1/AV:N/AC:H/PR:H/UI:N/S:U/C:H/I:N/A:H).</system-out>
      <system-err>location: /var/lib/jenkins/workspace/devops-project/target/achat-1.1.jar/BOOT-INF/lib/mysql-connector-java-8.0.26.jar, project-references: [  ]</system-err>
    </testcase>
  </testsuite>
  <testsuite failures="0" errors="0" time="0" id="30" name="/var/lib/jenkins/workspace/devops-project/target/achat-1.1.jar/BOOT-INF/lib/slf4j-api-1.7.32.jar" package="achat-1.1.jar: slf4j-api-1.7.32.jar" skipped="0" tests="1" timestamp="2023-10-08T15:12:09.506474">
    <testcase classname="dependency-check" name="achat-1.1.jar: slf4j-api-1.7.32.jar"/>
  </testsuite>
  <testsuite failures="7" errors="0" time="0" id="31" name="/var/lib/jenkins/workspace/devops-project/target/achat-1.1.jar/BOOT-INF/lib/snakeyaml-1.28.jar" package="achat-1.1.jar: snakeyaml-1.28.jar" skipped="0" tests="7" timestamp="2023-10-08T15:12:09.506474">
    <testcase classname="CVE-2022-1471" name="pkg:maven/org.yaml/snakeyaml@1.28">
      <failure message="cvssV3: CRITICAL, score: 9.8 (CVSS:3.1/AV:N/AC:L/PR:N/UI:N/S:U/C:H/I:H/A:H)"/>
      <system-out>SnakeYaml&apos;s Constructor() class does not restrict types which can be instantiated during deserialization.Â Deserializing yaml content provided by an attacker can lead to remote code execution. We recommend using SnakeYaml&apos;s SafeConsturctor when parsing untrusted content to restrict deserialization. We recommend upgrading to version 2.0 and beyond.
</system-out>
      <system-err>location: /var/lib/jenkins/workspace/devops-project/target/achat-1.1.jar/BOOT-INF/lib/snakeyaml-1.28.jar, project-references: [  ]</system-err>
    </testcase>
    <testcase classname="CVE-2022-25857" name="pkg:maven/org.yaml/snakeyaml@1.28">
      <failure message="cvssV3: HIGH, score: 7.5 (CVSS:3.1/AV:N/AC:L/PR:N/UI:N/S:U/C:N/I:N/A:H)"/>
      <system-out>The package org.yaml:snakeyaml from 0 and before 1.31 are vulnerable to Denial of Service (DoS) due missing to nested depth limitation for collections.</system-out>
      <system-err>location: /var/lib/jenkins/workspace/devops-project/target/achat-1.1.jar/BOOT-INF/lib/snakeyaml-1.28.jar, project-references: [  ]</system-err>
    </testcase>
    <testcase classname="CVE-2022-38749" name="pkg:maven/org.yaml/snakeyaml@1.28">
      <failure message="cvssV3: MEDIUM, score: 6.5 (CVSS:3.1/AV:N/AC:L/PR:L/UI:N/S:U/C:N/I:N/A:H)"/>
      <system-out>Using snakeYAML to parse untrusted YAML files may be vulnerable to Denial of Service attacks (DOS). If the parser is running on user supplied input, an attacker may supply content that causes the parser to crash by stackoverflow.</system-out>
      <system-err>location: /var/lib/jenkins/workspace/devops-project/target/achat-1.1.jar/BOOT-INF/lib/snakeyaml-1.28.jar, project-references: [  ]</system-err>
    </testcase>
    <testcase classname="CVE-2022-38751" name="pkg:maven/org.yaml/snakeyaml@1.28">
      <failure message="cvssV3: MEDIUM, score: 6.5 (CVSS:3.1/AV:N/AC:L/PR:L/UI:N/S:U/C:N/I:N/A:H)"/>
      <system-out>Using snakeYAML to parse untrusted YAML files may be vulnerable to Denial of Service attacks (DOS). If the parser is running on user supplied input, an attacker may supply content that causes the parser to crash by stackoverflow.</system-out>
      <system-err>location: /var/lib/jenkins/workspace/devops-project/target/achat-1.1.jar/BOOT-INF/lib/snakeyaml-1.28.jar, project-references: [  ]</system-err>
    </testcase>
    <testcase classname="CVE-2022-38752" name="pkg:maven/org.yaml/snakeyaml@1.28">
      <failure message="cvssV3: MEDIUM, score: 6.5 (CVSS:3.1/AV:N/AC:L/PR:L/UI:N/S:U/C:N/I:N/A:H)"/>
      <system-out>Using snakeYAML to parse untrusted YAML files may be vulnerable to Denial of Service attacks (DOS). If the parser is running on user supplied input, an attacker may supply content that causes the parser to crash by stack-overflow.</system-out>
      <system-err>location: /var/lib/jenkins/workspace/devops-project/target/achat-1.1.jar/BOOT-INF/lib/snakeyaml-1.28.jar, project-references: [  ]</system-err>
    </testcase>
    <testcase classname="CVE-2022-41854" name="pkg:maven/org.yaml/snakeyaml@1.28">
      <failure message="cvssV3: MEDIUM, score: 6.5 (CVSS:3.1/AV:N/AC:L/PR:N/UI:R/S:U/C:N/I:N/A:H)"/>
      <system-out>Those using Snakeyaml to parse untrusted YAML files may be vulnerable to Denial of Service attacks (DOS). If the parser is running on user supplied input, an attacker may supply content that causes the parser to crash by stack overflow. This effect may support a denial of service attack.</system-out>
      <system-err>location: /var/lib/jenkins/workspace/devops-project/target/achat-1.1.jar/BOOT-INF/lib/snakeyaml-1.28.jar, project-references: [  ]</system-err>
    </testcase>
    <testcase classname="CVE-2022-38750" name="pkg:maven/org.yaml/snakeyaml@1.28">
      <failure message="cvssV3: MEDIUM, score: 5.5 (CVSS:3.1/AV:L/AC:L/PR:N/UI:R/S:U/C:N/I:N/A:H)"/>
      <system-out>Using snakeYAML to parse untrusted YAML files may be vulnerable to Denial of Service attacks (DOS). If the parser is running on user supplied input, an attacker may supply content that causes the parser to crash by stackoverflow.</system-out>
      <system-err>location: /var/lib/jenkins/workspace/devops-project/target/achat-1.1.jar/BOOT-INF/lib/snakeyaml-1.28.jar, project-references: [  ]</system-err>
    </testcase>
  </testsuite>
  <testsuite failures="2" errors="0" time="0" id="32" name="/var/lib/jenkins/workspace/devops-project/target/achat-1.1.jar/BOOT-INF/lib/spring-boot-2.5.3.jar" package="achat-1.1.jar: spring-boot-2.5.3.jar" skipped="0" tests="2" timestamp="2023-10-08T15:12:09.506474">
    <testcase classname="CVE-2023-20873" name="pkg:maven/org.springframework.boot/spring-boot@2.5.3">
      <failure message="cvssV3: CRITICAL, score: 9.8 (CVSS:3.1/AV:N/AC:L/PR:N/UI:N/S:U/C:H/I:H/A:H)"/>
      <system-out>In Spring Boot versions 3.0.0 - 3.0.5, 2.7.0 - 2.7.10, and older unsupported versions, an application that is deployed to Cloud Foundry could be susceptible to a security bypass. Users of affected versions should apply the following mitigation: 3.0.x users should upgrade to 3.0.6+. 2.7.x users should upgrade to 2.7.11+. Users of older, unsupported versions should upgrade to 3.0.6+ or 2.7.11+.</system-out>
      <system-err>location: /var/lib/jenkins/workspace/devops-project/target/achat-1.1.jar/BOOT-INF/lib/spring-boot-2.5.3.jar, project-references: [  ]</system-err>
    </testcase>
    <testcase classname="CVE-2023-20883" name="pkg:maven/org.springframework.boot/spring-boot@2.5.3">
      <failure message="cvssV3: HIGH, score: 7.5 (CVSS:3.1/AV:N/AC:L/PR:N/UI:N/S:U/C:N/I:N/A:H)"/>
      <system-out>In Spring Boot versions 3.0.0 - 3.0.6, 2.7.0 - 2.7.11, 2.6.0 - 2.6.14, 2.5.0 - 2.5.14 and older unsupported versions, there is potential for a denial-of-service (DoS) attack if Spring MVC is used together with a reverse proxy cache.</system-out>
      <system-err>location: /var/lib/jenkins/workspace/devops-project/target/achat-1.1.jar/BOOT-INF/lib/spring-boot-2.5.3.jar, project-references: [  ]</system-err>
    </testcase>
  </testsuite>
  <testsuite failures="0" errors="0" time="0" id="33" name="/var/lib/jenkins/workspace/devops-project/target/achat-1.1.jar/BOOT-INF/lib/spring-boot-jarmode-layertools-2.5.3.jar" package="achat-1.1.jar: spring-boot-jarmode-layertools-2.5.3.jar" skipped="0" tests="1" timestamp="2023-10-08T15:12:09.506474">
    <testcase classname="dependency-check" name="achat-1.1.jar: spring-boot-jarmode-layertools-2.5.3.jar"/>
  </testsuite>
  <testsuite failures="10" errors="0" time="0" id="34" name="/var/lib/jenkins/workspace/devops-project/target/achat-1.1.jar/BOOT-INF/lib/spring-core-5.3.9.jar" package="achat-1.1.jar: spring-core-5.3.9.jar" skipped="0" tests="10" timestamp="2023-10-08T15:12:09.506474">
    <testcase classname="CVE-2022-22965" name="pkg:maven/org.springframework/spring-core@5.3.9">
      <failure message="cvssV3: CRITICAL, score: 9.8 (CVSS:3.1/AV:N/AC:L/PR:N/UI:N/S:U/C:H/I:H/A:H)"/>
      <system-out>A Spring MVC or Spring WebFlux application running on JDK 9+ may be vulnerable to remote code execution (RCE) via data binding. The specific exploit requires the application to run on Tomcat as a WAR deployment. If the application is deployed as a Spring Boot executable jar, i.e. the default, it is not vulnerable to the exploit. However, the nature of the vulnerability is more general, and there may be other ways to exploit it.</system-out>
      <system-err>location: /var/lib/jenkins/workspace/devops-project/target/achat-1.1.jar/BOOT-INF/lib/spring-core-5.3.9.jar, project-references: [  ]</system-err>
    </testcase>
    <testcase classname="CVE-2023-20860" name="pkg:maven/org.springframework/spring-core@5.3.9">
      <failure message="cvssV3: HIGH, score: 7.5 (CVSS:3.1/AV:N/AC:L/PR:N/UI:N/S:U/C:N/I:H/A:N)"/>
      <system-out>Spring Framework running version 6.0.0 - 6.0.6 or 5.3.0 - 5.3.25 using &quot;**&quot; as a pattern in Spring Security configuration with the mvcRequestMatcher creates a mismatch in pattern matching between Spring Security and Spring MVC, and the potential for a security bypass.</system-out>
      <system-err>location: /var/lib/jenkins/workspace/devops-project/target/achat-1.1.jar/BOOT-INF/lib/spring-core-5.3.9.jar, project-references: [  ]</system-err>
    </testcase>
    <testcase classname="CVE-2022-22950" name="pkg:maven/org.springframework/spring-core@5.3.9">
      <failure message="cvssV3: MEDIUM, score: 6.5 (CVSS:3.1/AV:N/AC:L/PR:L/UI:N/S:U/C:N/I:N/A:H)"/>
      <system-out>n Spring Framework versions 5.3.0 - 5.3.16 and older unsupported versions, it is possible for a user to provide a specially crafted SpEL expression that may cause a denial of service condition.</system-out>
      <system-err>location: /var/lib/jenkins/workspace/devops-project/target/achat-1.1.jar/BOOT-INF/lib/spring-core-5.3.9.jar, project-references: [  ]</system-err>
    </testcase>
    <testcase classname="CVE-2022-22971" name="pkg:maven/org.springframework/spring-core@5.3.9">
      <failure message="cvssV3: MEDIUM, score: 6.5 (CVSS:3.1/AV:N/AC:L/PR:L/UI:N/S:U/C:N/I:N/A:H)"/>
      <system-out>In spring framework versions prior to 5.3.20+ , 5.2.22+ and old unsupported versions, application with a STOMP over WebSocket endpoint is vulnerable to a denial of service attack by an authenticated user.</system-out>
      <system-err>location: /var/lib/jenkins/workspace/devops-project/target/achat-1.1.jar/BOOT-INF/lib/spring-core-5.3.9.jar, project-references: [  ]</system-err>
    </testcase>
    <testcase classname="CVE-2023-20861" name="pkg:maven/org.springframework/spring-core@5.3.9">
      <failure message="cvssV3: MEDIUM, score: 6.5 (CVSS:3.1/AV:N/AC:L/PR:L/UI:N/S:U/C:N/I:N/A:H)"/>
      <system-out>In Spring Framework versions 6.0.0 - 6.0.6, 5.3.0 - 5.3.25, 5.2.0.RELEASE - 5.2.22.RELEASE, and older unsupported versions, it is possible for a user to provide a specially crafted SpEL expression that may cause a denial-of-service (DoS) condition.</system-out>
      <system-err>location: /var/lib/jenkins/workspace/devops-project/target/achat-1.1.jar/BOOT-INF/lib/spring-core-5.3.9.jar, project-references: [  ]</system-err>
    </testcase>
    <testcase classname="CVE-2023-20863" name="pkg:maven/org.springframework/spring-core@5.3.9">
      <failure message="cvssV3: MEDIUM, score: 6.5 (CVSS:3.1/AV:N/AC:L/PR:L/UI:N/S:U/C:N/I:N/A:H)"/>
      <system-out>In spring framework versions prior to 5.2.24 release+ ,5.3.27+ and 6.0.8+ , it is possible for a user to provide a specially crafted SpEL expression that may cause a denial-of-service (DoS) condition.</system-out>
      <system-err>location: /var/lib/jenkins/workspace/devops-project/target/achat-1.1.jar/BOOT-INF/lib/spring-core-5.3.9.jar, project-references: [  ]</system-err>
    </testcase>
    <testcase classname="CVE-2022-22968" name="pkg:maven/org.springframework/spring-core@5.3.9">
      <failure message="cvssV3: MEDIUM, score: 5.3 (CVSS:3.1/AV:N/AC:L/PR:N/UI:N/S:U/C:N/I:L/A:N)"/>
      <system-out>In Spring Framework versions 5.3.0 - 5.3.18, 5.2.0 - 5.2.20, and older unsupported versions, the patterns for disallowedFields on a DataBinder are case sensitive which means a field is not effectively protected unless it is listed with both upper and lower case for the first character of the field, including upper and lower case for the first character of all nested fields within the property path.</system-out>
      <system-err>location: /var/lib/jenkins/workspace/devops-project/target/achat-1.1.jar/BOOT-INF/lib/spring-core-5.3.9.jar, project-references: [  ]</system-err>
    </testcase>
    <testcase classname="CVE-2022-22970" name="pkg:maven/org.springframework/spring-core@5.3.9">
      <failure message="cvssV3: MEDIUM, score: 5.3 (CVSS:3.1/AV:N/AC:H/PR:L/UI:N/S:U/C:N/I:N/A:H)"/>
      <system-out>In spring framework versions prior to 5.3.20+ , 5.2.22+ and old unsupported versions, applications that handle file uploads are vulnerable to DoS attack if they rely on data binding to set a MultipartFile or javax.servlet.Part to a field in a model object.</system-out>
      <system-err>location: /var/lib/jenkins/workspace/devops-project/target/achat-1.1.jar/BOOT-INF/lib/spring-core-5.3.9.jar, project-references: [  ]</system-err>
    </testcase>
    <testcase classname="CVE-2021-22060" name="pkg:maven/org.springframework/spring-core@5.3.9">
      <failure message="cvssV3: MEDIUM, score: 4.3 (CVSS:3.1/AV:N/AC:L/PR:L/UI:N/S:U/C:N/I:L/A:N)"/>
      <system-out>In Spring Framework versions 5.3.0 - 5.3.13, 5.2.0 - 5.2.18, and older unsupported versions, it is possible for a user to provide malicious input to cause the insertion of additional log entries. This is a follow-up to CVE-2021-22096 that protects against additional types of input and in more places of the Spring Framework codebase.</system-out>
      <system-err>location: /var/lib/jenkins/workspace/devops-project/target/achat-1.1.jar/BOOT-INF/lib/spring-core-5.3.9.jar, project-references: [  ]</system-err>
    </testcase>
    <testcase classname="CVE-2021-22096" name="pkg:maven/org.springframework/spring-core@5.3.9">
      <failure message="cvssV3: MEDIUM, score: 4.3 (CVSS:3.1/AV:N/AC:L/PR:L/UI:N/S:U/C:N/I:L/A:N)"/>
      <system-out>In Spring Framework versions 5.3.0 - 5.3.10, 5.2.0 - 5.2.17, and older unsupported versions, it is possible for a user to provide malicious input to cause the insertion of additional log entries.</system-out>
      <system-err>location: /var/lib/jenkins/workspace/devops-project/target/achat-1.1.jar/BOOT-INF/lib/spring-core-5.3.9.jar, project-references: [  ]</system-err>
    </testcase>
  </testsuite>
  <testsuite failures="0" errors="0" time="0" id="35" name="/var/lib/jenkins/workspace/devops-project/target/achat-1.1.jar/BOOT-INF/lib/spring-data-commons-2.5.3.jar" package="achat-1.1.jar: spring-data-commons-2.5.3.jar" skipped="0" tests="1" timestamp="2023-10-08T15:12:09.506474">
    <testcase classname="dependency-check" name="achat-1.1.jar: spring-data-commons-2.5.3.jar"/>
  </testsuite>
  <testsuite failures="0" errors="0" time="0" id="36" name="/var/lib/jenkins/workspace/devops-project/target/achat-1.1.jar/BOOT-INF/lib/spring-data-jpa-2.5.3.jar" package="achat-1.1.jar: spring-data-jpa-2.5.3.jar" skipped="0" tests="1" timestamp="2023-10-08T15:12:09.506474">
    <testcase classname="dependency-check" name="achat-1.1.jar: spring-data-jpa-2.5.3.jar"/>
  </testsuite>
  <testsuite failures="0" errors="0" time="0" id="37" name="/var/lib/jenkins/workspace/devops-project/target/achat-1.1.jar/BOOT-INF/lib/spring-plugin-core-2.0.0.RELEASE.jar" package="achat-1.1.jar: spring-plugin-core-2.0.0.RELEASE.jar" skipped="0" tests="1" timestamp="2023-10-08T15:12:09.506474">
    <testcase classname="dependency-check" name="achat-1.1.jar: spring-plugin-core-2.0.0.RELEASE.jar"/>
  </testsuite>
  <testsuite failures="0" errors="0" time="0" id="38" name="/var/lib/jenkins/workspace/devops-project/target/achat-1.1.jar/BOOT-INF/lib/spring-plugin-metadata-2.0.0.RELEASE.jar" package="achat-1.1.jar: spring-plugin-metadata-2.0.0.RELEASE.jar" skipped="0" tests="1" timestamp="2023-10-08T15:12:09.506474">
    <testcase classname="dependency-check" name="achat-1.1.jar: spring-plugin-metadata-2.0.0.RELEASE.jar"/>
  </testsuite>
  <testsuite failures="11" errors="0" time="0" id="39" name="/var/lib/jenkins/workspace/devops-project/target/achat-1.1.jar/BOOT-INF/lib/spring-web-5.3.9.jar" package="achat-1.1.jar: spring-web-5.3.9.jar" skipped="0" tests="11" timestamp="2023-10-08T15:12:09.506474">
    <testcase classname="CVE-2016-1000027" name="pkg:maven/org.springframework/spring-web@5.3.9">
      <failure message="cvssV3: CRITICAL, score: 9.8 (CVSS:3.1/AV:N/AC:L/PR:N/UI:N/S:U/C:H/I:H/A:H)"/>
      <system-out>Pivotal Spring Framework through 5.3.16 suffers from a potential remote code execution (RCE) issue if used for Java deserialization of untrusted data. Depending on how the library is implemented within a product, this issue may or not occur, and authentication may be required. NOTE: the vendor&apos;s position is that untrusted data is not an intended use case. The product&apos;s behavior will not be changed because some users rely on deserialization of trusted data.</system-out>
      <system-err>location: /var/lib/jenkins/workspace/devops-project/target/achat-1.1.jar/BOOT-INF/lib/spring-web-5.3.9.jar, project-references: [  ]</system-err>
    </testcase>
    <testcase classname="CVE-2022-22965" name="pkg:maven/org.springframework/spring-web@5.3.9">
      <failure message="cvssV3: CRITICAL, score: 9.8 (CVSS:3.1/AV:N/AC:L/PR:N/UI:N/S:U/C:H/I:H/A:H)"/>
      <system-out>A Spring MVC or Spring WebFlux application running on JDK 9+ may be vulnerable to remote code execution (RCE) via data binding. The specific exploit requires the application to run on Tomcat as a WAR deployment. If the application is deployed as a Spring Boot executable jar, i.e. the default, it is not vulnerable to the exploit. However, the nature of the vulnerability is more general, and there may be other ways to exploit it.</system-out>
      <system-err>location: /var/lib/jenkins/workspace/devops-project/target/achat-1.1.jar/BOOT-INF/lib/spring-web-5.3.9.jar, project-references: [  ]</system-err>
    </testcase>
    <testcase classname="CVE-2023-20860" name="pkg:maven/org.springframework/spring-web@5.3.9">
      <failure message="cvssV3: HIGH, score: 7.5 (CVSS:3.1/AV:N/AC:L/PR:N/UI:N/S:U/C:N/I:H/A:N)"/>
      <system-out>Spring Framework running version 6.0.0 - 6.0.6 or 5.3.0 - 5.3.25 using &quot;**&quot; as a pattern in Spring Security configuration with the mvcRequestMatcher creates a mismatch in pattern matching between Spring Security and Spring MVC, and the potential for a security bypass.</system-out>
      <system-err>location: /var/lib/jenkins/workspace/devops-project/target/achat-1.1.jar/BOOT-INF/lib/spring-web-5.3.9.jar, project-references: [  ]</system-err>
    </testcase>
    <testcase classname="CVE-2022-22950" name="pkg:maven/org.springframework/spring-web@5.3.9">
      <failure message="cvssV3: MEDIUM, score: 6.5 (CVSS:3.1/AV:N/AC:L/PR:L/UI:N/S:U/C:N/I:N/A:H)"/>
      <system-out>n Spring Framework versions 5.3.0 - 5.3.16 and older unsupported versions, it is possible for a user to provide a specially crafted SpEL expression that may cause a denial of service condition.</system-out>
      <system-err>location: /var/lib/jenkins/workspace/devops-project/target/achat-1.1.jar/BOOT-INF/lib/spring-web-5.3.9.jar, project-references: [  ]</system-err>
    </testcase>
    <testcase classname="CVE-2022-22971" name="pkg:maven/org.springframework/spring-web@5.3.9">
      <failure message="cvssV3: MEDIUM, score: 6.5 (CVSS:3.1/AV:N/AC:L/PR:L/UI:N/S:U/C:N/I:N/A:H)"/>
      <system-out>In spring framework versions prior to 5.3.20+ , 5.2.22+ and old unsupported versions, application with a STOMP over WebSocket endpoint is vulnerable to a denial of service attack by an authenticated user.</system-out>
      <system-err>location: /var/lib/jenkins/workspace/devops-project/target/achat-1.1.jar/BOOT-INF/lib/spring-web-5.3.9.jar, project-references: [  ]</system-err>
    </testcase>
    <testcase classname="CVE-2023-20861" name="pkg:maven/org.springframework/spring-web@5.3.9">
      <failure message="cvssV3: MEDIUM, score: 6.5 (CVSS:3.1/AV:N/AC:L/PR:L/UI:N/S:U/C:N/I:N/A:H)"/>
      <system-out>In Spring Framework versions 6.0.0 - 6.0.6, 5.3.0 - 5.3.25, 5.2.0.RELEASE - 5.2.22.RELEASE, and older unsupported versions, it is possible for a user to provide a specially crafted SpEL expression that may cause a denial-of-service (DoS) condition.</system-out>
      <system-err>location: /var/lib/jenkins/workspace/devops-project/target/achat-1.1.jar/BOOT-INF/lib/spring-web-5.3.9.jar, project-references: [  ]</system-err>
    </testcase>
    <testcase classname="CVE-2023-20863" name="pkg:maven/org.springframework/spring-web@5.3.9">
      <failure message="cvssV3: MEDIUM, score: 6.5 (CVSS:3.1/AV:N/AC:L/PR:L/UI:N/S:U/C:N/I:N/A:H)"/>
      <system-out>In spring framework versions prior to 5.2.24 release+ ,5.3.27+ and 6.0.8+ , it is possible for a user to provide a specially crafted SpEL expression that may cause a denial-of-service (DoS) condition.</system-out>
      <system-err>location: /var/lib/jenkins/workspace/devops-project/target/achat-1.1.jar/BOOT-INF/lib/spring-web-5.3.9.jar, project-references: [  ]</system-err>
    </testcase>
    <testcase classname="CVE-2022-22968" name="pkg:maven/org.springframework/spring-web@5.3.9">
      <failure message="cvssV3: MEDIUM, score: 5.3 (CVSS:3.1/AV:N/AC:L/PR:N/UI:N/S:U/C:N/I:L/A:N)"/>
      <system-out>In Spring Framework versions 5.3.0 - 5.3.18, 5.2.0 - 5.2.20, and older unsupported versions, the patterns for disallowedFields on a DataBinder are case sensitive which means a field is not effectively protected unless it is listed with both upper and lower case for the first character of the field, including upper and lower case for the first character of all nested fields within the property path.</system-out>
      <system-err>location: /var/lib/jenkins/workspace/devops-project/target/achat-1.1.jar/BOOT-INF/lib/spring-web-5.3.9.jar, project-references: [  ]</system-err>
    </testcase>
    <testcase classname="CVE-2022-22970" name="pkg:maven/org.springframework/spring-web@5.3.9">
      <failure message="cvssV3: MEDIUM, score: 5.3 (CVSS:3.1/AV:N/AC:H/PR:L/UI:N/S:U/C:N/I:N/A:H)"/>
      <system-out>In spring framework versions prior to 5.3.20+ , 5.2.22+ and old unsupported versions, applications that handle file uploads are vulnerable to DoS attack if they rely on data binding to set a MultipartFile or javax.servlet.Part to a field in a model object.</system-out>
      <system-err>location: /var/lib/jenkins/workspace/devops-project/target/achat-1.1.jar/BOOT-INF/lib/spring-web-5.3.9.jar, project-references: [  ]</system-err>
    </testcase>
    <testcase classname="CVE-2021-22060" name="pkg:maven/org.springframework/spring-web@5.3.9">
      <failure message="cvssV3: MEDIUM, score: 4.3 (CVSS:3.1/AV:N/AC:L/PR:L/UI:N/S:U/C:N/I:L/A:N)"/>
      <system-out>In Spring Framework versions 5.3.0 - 5.3.13, 5.2.0 - 5.2.18, and older unsupported versions, it is possible for a user to provide malicious input to cause the insertion of additional log entries. This is a follow-up to CVE-2021-22096 that protects against additional types of input and in more places of the Spring Framework codebase.</system-out>
      <system-err>location: /var/lib/jenkins/workspace/devops-project/target/achat-1.1.jar/BOOT-INF/lib/spring-web-5.3.9.jar, project-references: [  ]</system-err>
    </testcase>
    <testcase classname="CVE-2021-22096" name="pkg:maven/org.springframework/spring-web@5.3.9">
      <failure message="cvssV3: MEDIUM, score: 4.3 (CVSS:3.1/AV:N/AC:L/PR:L/UI:N/S:U/C:N/I:L/A:N)"/>
      <system-out>In Spring Framework versions 5.3.0 - 5.3.10, 5.2.0 - 5.2.17, and older unsupported versions, it is possible for a user to provide malicious input to cause the insertion of additional log entries.</system-out>
      <system-err>location: /var/lib/jenkins/workspace/devops-project/target/achat-1.1.jar/BOOT-INF/lib/spring-web-5.3.9.jar, project-references: [  ]</system-err>
    </testcase>
  </testsuite>
  <testsuite failures="0" errors="0" time="0" id="40" name="/var/lib/jenkins/workspace/devops-project/target/achat-1.1.jar/BOOT-INF/lib/springfox-bean-validators-3.0.0.jar" package="achat-1.1.jar: springfox-bean-validators-3.0.0.jar" skipped="0" tests="1" timestamp="2023-10-08T15:12:09.506474">
    <testcase classname="dependency-check" name="achat-1.1.jar: springfox-bean-validators-3.0.0.jar"/>
  </testsuite>
  <testsuite failures="0" errors="0" time="0" id="41" name="/var/lib/jenkins/workspace/devops-project/target/achat-1.1.jar/BOOT-INF/lib/springfox-boot-starter-3.0.0.jar" package="achat-1.1.jar: springfox-boot-starter-3.0.0.jar" skipped="0" tests="1" timestamp="2023-10-08T15:12:09.506474">
    <testcase classname="dependency-check" name="achat-1.1.jar: springfox-boot-starter-3.0.0.jar"/>
  </testsuite>
  <testsuite failures="0" errors="0" time="0" id="42" name="/var/lib/jenkins/workspace/devops-project/target/achat-1.1.jar/BOOT-INF/lib/springfox-core-3.0.0.jar" package="achat-1.1.jar: springfox-core-3.0.0.jar" skipped="0" tests="1" timestamp="2023-10-08T15:12:09.506474">
    <testcase classname="dependency-check" name="achat-1.1.jar: springfox-core-3.0.0.jar"/>
  </testsuite>
  <testsuite failures="0" errors="0" time="0" id="43" name="/var/lib/jenkins/workspace/devops-project/target/achat-1.1.jar/BOOT-INF/lib/springfox-data-rest-3.0.0.jar" package="achat-1.1.jar: springfox-data-rest-3.0.0.jar" skipped="0" tests="1" timestamp="2023-10-08T15:12:09.506474">
    <testcase classname="dependency-check" name="achat-1.1.jar: springfox-data-rest-3.0.0.jar"/>
  </testsuite>
  <testsuite failures="0" errors="0" time="0" id="44" name="/var/lib/jenkins/workspace/devops-project/target/achat-1.1.jar/BOOT-INF/lib/springfox-oas-3.0.0.jar" package="achat-1.1.jar: springfox-oas-3.0.0.jar" skipped="0" tests="1" timestamp="2023-10-08T15:12:09.506474">
    <testcase classname="dependency-check" name="achat-1.1.jar: springfox-oas-3.0.0.jar"/>
  </testsuite>
  <testsuite failures="0" errors="0" time="0" id="45" name="/var/lib/jenkins/workspace/devops-project/target/achat-1.1.jar/BOOT-INF/lib/springfox-schema-3.0.0.jar" package="achat-1.1.jar: springfox-schema-3.0.0.jar" skipped="0" tests="1" timestamp="2023-10-08T15:12:09.506474">
    <testcase classname="dependency-check" name="achat-1.1.jar: springfox-schema-3.0.0.jar"/>
  </testsuite>
  <testsuite failures="0" errors="0" time="0" id="46" name="/var/lib/jenkins/workspace/devops-project/target/achat-1.1.jar/BOOT-INF/lib/springfox-spi-3.0.0.jar" package="achat-1.1.jar: springfox-spi-3.0.0.jar" skipped="0" tests="1" timestamp="2023-10-08T15:12:09.506474">
    <testcase classname="dependency-check" name="achat-1.1.jar: springfox-spi-3.0.0.jar"/>
  </testsuite>
  <testsuite failures="0" errors="0" time="0" id="47" name="/var/lib/jenkins/workspace/devops-project/target/achat-1.1.jar/BOOT-INF/lib/springfox-spring-web-3.0.0.jar" package="achat-1.1.jar: springfox-spring-web-3.0.0.jar" skipped="0" tests="1" timestamp="2023-10-08T15:12:09.506474">
    <testcase classname="dependency-check" name="achat-1.1.jar: springfox-spring-web-3.0.0.jar"/>
  </testsuite>
  <testsuite failures="0" errors="0" time="0" id="48" name="/var/lib/jenkins/workspace/devops-project/target/achat-1.1.jar/BOOT-INF/lib/springfox-spring-webmvc-3.0.0.jar" package="achat-1.1.jar: springfox-spring-webmvc-3.0.0.jar" skipped="0" tests="1" timestamp="2023-10-08T15:12:09.506474">
    <testcase classname="dependency-check" name="achat-1.1.jar: springfox-spring-webmvc-3.0.0.jar"/>
  </testsuite>
  <testsuite failures="0" errors="0" time="0" id="49" name="/var/lib/jenkins/workspace/devops-project/target/achat-1.1.jar/BOOT-INF/lib/springfox-swagger-common-3.0.0.jar" package="achat-1.1.jar: springfox-swagger-common-3.0.0.jar" skipped="0" tests="1" timestamp="2023-10-08T15:12:09.506474">
    <testcase classname="dependency-check" name="achat-1.1.jar: springfox-swagger-common-3.0.0.jar"/>
  </testsuite>
  <testsuite failures="0" errors="0" time="0" id="50" name="/var/lib/jenkins/workspace/devops-project/target/achat-1.1.jar/BOOT-INF/lib/springfox-swagger-ui-3.0.0.jar" package="achat-1.1.jar: springfox-swagger-ui-3.0.0.jar" skipped="0" tests="1" timestamp="2023-10-08T15:12:09.506474">
    <testcase classname="dependency-check" name="achat-1.1.jar: springfox-swagger-ui-3.0.0.jar"/>
  </testsuite>
  <testsuite failures="0" errors="0" time="0" id="51" name="/var/lib/jenkins/workspace/devops-project/target/achat-1.1.jar/BOOT-INF/lib/springfox-swagger-ui-3.0.0.jar/META-INF/resources/webjars/springfox-swagger-ui/springfox.js" package="achat-1.1.jar: springfox-swagger-ui-3.0.0.jar: springfox.js" skipped="0" tests="1" timestamp="2023-10-08T15:12:09.506474">
    <testcase classname="dependency-check" name="achat-1.1.jar: springfox-swagger-ui-3.0.0.jar: springfox.js"/>
  </testsuite>
  <testsuite failures="7" errors="0" time="0" id="52" name="/var/lib/jenkins/workspace/devops-project/target/achat-1.1.jar/BOOT-INF/lib/springfox-swagger-ui-3.0.0.jar/META-INF/resources/webjars/springfox-swagger-ui/swagger-ui-bundle.js" package="achat-1.1.jar: springfox-swagger-ui-3.0.0.jar: swagger-ui-bundle.js" skipped="0" tests="7" timestamp="2023-10-08T15:12:09.506474">
    <testcase classname="CVE-2020-26870" name="pkg:javascript/DOMPurify@2.0.7">
      <failure message="cvssV3: MEDIUM, score: 6.1 (CVSS:3.1/AV:N/AC:L/PR:N/UI:R/S:C/C:L/I:L/A:N)"/>
      <system-out>Cure53 DOMPurify before 2.0.17 allows mutation XSS. This occurs because a serialize-parse roundtrip does not necessarily return the original DOM tree, and a namespace can change from HTML to MathML, as demonstrated by nesting of FORM elements.</system-out>
      <system-err>location: /var/lib/jenkins/workspace/devops-project/target/achat-1.1.jar/BOOT-INF/lib/springfox-swagger-ui-3.0.0.jar/META-INF/resources/webjars/springfox-swagger-ui/swagger-ui-bundle.js, project-references: [  ]</system-err>
    </testcase>
    <testcase classname="Fix a possible XSS in Chrome that is hidden behind #enable-experimental-web-platform-features" name="pkg:javascript/DOMPurify@2.0.7">
      <failure message="unscored severity: low"/>
      <system-out>Fix a possible XSS in Chrome that is hidden behind #enable-experimental-web-platform-features</system-out>
      <system-err>location: /var/lib/jenkins/workspace/devops-project/target/achat-1.1.jar/BOOT-INF/lib/springfox-swagger-ui-3.0.0.jar/META-INF/resources/webjars/springfox-swagger-ui/swagger-ui-bundle.js, project-references: [  ]</system-err>
    </testcase>
    <testcase classname="Fixed a new MathML-based bypass submitted by PewGrand. Fixed a new SVG-related bypass submitted by SecurityMB" name="pkg:javascript/DOMPurify@2.0.7">
      <failure message="unscored severity: low"/>
      <system-out>Fixed a new MathML-based bypass submitted by PewGrand. Fixed a new SVG-related bypass submitted by SecurityMB</system-out>
      <system-err>location: /var/lib/jenkins/workspace/devops-project/target/achat-1.1.jar/BOOT-INF/lib/springfox-swagger-ui-3.0.0.jar/META-INF/resources/webjars/springfox-swagger-ui/swagger-ui-bundle.js, project-references: [  ]</system-err>
    </testcase>
    <testcase classname="Fixed an mXSS bypass dropped on us publicly via" name="pkg:javascript/DOMPurify@2.0.7">
      <failure message="unscored severity: low"/>
      <system-out>Fixed an mXSS bypass dropped on us publicly via</system-out>
      <system-err>location: /var/lib/jenkins/workspace/devops-project/target/achat-1.1.jar/BOOT-INF/lib/springfox-swagger-ui-3.0.0.jar/META-INF/resources/webjars/springfox-swagger-ui/swagger-ui-bundle.js, project-references: [  ]</system-err>
    </testcase>
    <testcase classname="Fixed an mXSS issue reported" name="pkg:javascript/DOMPurify@2.0.7">
      <failure message="unscored severity: low"/>
      <system-out>Fixed an mXSS issue reported</system-out>
      <system-err>location: /var/lib/jenkins/workspace/devops-project/target/achat-1.1.jar/BOOT-INF/lib/springfox-swagger-ui-3.0.0.jar/META-INF/resources/webjars/springfox-swagger-ui/swagger-ui-bundle.js, project-references: [  ]</system-err>
    </testcase>
    <testcase classname="Fixed an mXSS-based bypass caused by nested forms inside MathML" name="pkg:javascript/DOMPurify@2.0.7">
      <failure message="unscored severity: low"/>
      <system-out>Fixed an mXSS-based bypass caused by nested forms inside MathML</system-out>
      <system-err>location: /var/lib/jenkins/workspace/devops-project/target/achat-1.1.jar/BOOT-INF/lib/springfox-swagger-ui-3.0.0.jar/META-INF/resources/webjars/springfox-swagger-ui/swagger-ui-bundle.js, project-references: [  ]</system-err>
    </testcase>
    <testcase classname="Fixed several possible mXSS patterns, thanks @hackvertor" name="pkg:javascript/DOMPurify@2.0.7">
      <failure message="unscored severity: low"/>
      <system-out>Fixed several possible mXSS patterns, thanks @hackvertor</system-out>
      <system-err>location: /var/lib/jenkins/workspace/devops-project/target/achat-1.1.jar/BOOT-INF/lib/springfox-swagger-ui-3.0.0.jar/META-INF/resources/webjars/springfox-swagger-ui/swagger-ui-bundle.js, project-references: [  ]</system-err>
    </testcase>
  </testsuite>
  <testsuite failures="0" errors="0" time="0" id="53" name="/var/lib/jenkins/workspace/devops-project/target/achat-1.1.jar/BOOT-INF/lib/springfox-swagger-ui-3.0.0.jar/META-INF/resources/webjars/springfox-swagger-ui/swagger-ui-standalone-preset.js" package="achat-1.1.jar: springfox-swagger-ui-3.0.0.jar: swagger-ui-standalone-preset.js" skipped="0" tests="1" timestamp="2023-10-08T15:12:09.506474">
    <testcase classname="dependency-check" name="achat-1.1.jar: springfox-swagger-ui-3.0.0.jar: swagger-ui-standalone-preset.js"/>
  </testsuite>
  <testsuite failures="0" errors="0" time="0" id="54" name="/var/lib/jenkins/workspace/devops-project/target/achat-1.1.jar/BOOT-INF/lib/springfox-swagger2-3.0.0.jar" package="achat-1.1.jar: springfox-swagger2-3.0.0.jar" skipped="0" tests="1" timestamp="2023-10-08T15:12:09.506474">
    <testcase classname="dependency-check" name="achat-1.1.jar: springfox-swagger2-3.0.0.jar"/>
  </testsuite>
  <testsuite failures="0" errors="0" time="0" id="55" name="/var/lib/jenkins/workspace/devops-project/target/achat-1.1.jar/BOOT-INF/lib/swagger-annotations-1.5.20.jar" package="achat-1.1.jar: swagger-annotations-1.5.20.jar" skipped="0" tests="1" timestamp="2023-10-08T15:12:09.506474">
    <testcase classname="dependency-check" name="achat-1.1.jar: swagger-annotations-1.5.20.jar"/>
  </testsuite>
  <testsuite failures="0" errors="0" time="0" id="56" name="/var/lib/jenkins/workspace/devops-project/target/achat-1.1.jar/BOOT-INF/lib/swagger-models-1.5.20.jar" package="achat-1.1.jar: swagger-models-1.5.20.jar" skipped="0" tests="1" timestamp="2023-10-08T15:12:09.506474">
    <testcase classname="dependency-check" name="achat-1.1.jar: swagger-models-1.5.20.jar"/>
  </testsuite>
  <testsuite failures="0" errors="0" time="0" id="57" name="/var/lib/jenkins/workspace/devops-project/target/achat-1.1.jar/BOOT-INF/lib/swagger-models-2.1.2.jar" package="achat-1.1.jar: swagger-models-2.1.2.jar" skipped="0" tests="1" timestamp="2023-10-08T15:12:09.506474">
    <testcase classname="dependency-check" name="achat-1.1.jar: swagger-models-2.1.2.jar"/>
  </testsuite>
  <testsuite failures="9" errors="0" time="0" id="58" name="/var/lib/jenkins/workspace/devops-project/target/achat-1.1.jar/BOOT-INF/lib/tomcat-embed-core-9.0.50.jar" package="achat-1.1.jar: tomcat-embed-core-9.0.50.jar" skipped="0" tests="9" timestamp="2023-10-08T15:12:09.506474">
    <testcase classname="CVE-2021-42340" name="pkg:maven/org.apache.tomcat.embed/tomcat-embed-core@9.0.50">
      <failure message="cvssV3: HIGH, score: 7.5 (CVSS:3.1/AV:N/AC:L/PR:N/UI:N/S:U/C:N/I:N/A:H)"/>
      <system-out>The fix for bug 63362 present in Apache Tomcat 10.1.0-M1 to 10.1.0-M5, 10.0.0-M1 to 10.0.11, 9.0.40 to 9.0.53 and 8.5.60 to 8.5.71 introduced a memory leak. The object introduced to collect metrics for HTTP upgrade connections was not released for WebSocket connections once the connection was closed. This created a memory leak that, over time, could lead to a denial of service via an OutOfMemoryError.</system-out>
      <system-err>location: /var/lib/jenkins/workspace/devops-project/target/achat-1.1.jar/BOOT-INF/lib/tomcat-embed-core-9.0.50.jar, project-references: [  ]</system-err>
    </testcase>
    <testcase classname="CVE-2022-29885" name="pkg:maven/org.apache.tomcat.embed/tomcat-embed-core@9.0.50">
      <failure message="cvssV3: HIGH, score: 7.5 (CVSS:3.1/AV:N/AC:L/PR:N/UI:N/S:U/C:N/I:N/A:H)"/>
      <system-out>The documentation of Apache Tomcat 10.1.0-M1 to 10.1.0-M14, 10.0.0-M1 to 10.0.20, 9.0.13 to 9.0.62 and 8.5.38 to 8.5.78 for the EncryptInterceptor incorrectly stated it enabled Tomcat clustering to run over an untrusted network. This was not correct. While the EncryptInterceptor does provide confidentiality and integrity protection, it does not protect against all risks associated with running over any untrusted network, particularly DoS risks.</system-out>
      <system-err>location: /var/lib/jenkins/workspace/devops-project/target/achat-1.1.jar/BOOT-INF/lib/tomcat-embed-core-9.0.50.jar, project-references: [  ]</system-err>
    </testcase>
    <testcase classname="CVE-2022-42252" name="pkg:maven/org.apache.tomcat.embed/tomcat-embed-core@9.0.50">
      <failure message="cvssV3: HIGH, score: 7.5 (CVSS:3.1/AV:N/AC:L/PR:N/UI:N/S:U/C:N/I:H/A:N)"/>
      <system-out>If Apache Tomcat 8.5.0 to 8.5.82, 9.0.0-M1 to 9.0.67, 10.0.0-M1 to 10.0.26 or 10.1.0-M1 to 10.1.0 was configured to ignore invalid HTTP headers via setting rejectIllegalHeader to false (the default for 8.5.x only), Tomcat did not reject a request containing an invalid Content-Length header making a request smuggling attack possible if Tomcat was located behind a reverse proxy that also failed to reject the request with the invalid header.</system-out>
      <system-err>location: /var/lib/jenkins/workspace/devops-project/target/achat-1.1.jar/BOOT-INF/lib/tomcat-embed-core-9.0.50.jar, project-references: [  ]</system-err>
    </testcase>
    <testcase classname="CVE-2022-45143" name="pkg:maven/org.apache.tomcat.embed/tomcat-embed-core@9.0.50">
      <failure message="cvssV3: HIGH, score: 7.5 (CVSS:3.1/AV:N/AC:L/PR:N/UI:N/S:U/C:N/I:H/A:N)"/>
      <system-out>The JsonErrorReportValve in Apache Tomcat 8.5.83, 9.0.40 to 9.0.68 and 10.1.0-M1 to 10.1.1 did not escape the type, message or description values. In some circumstances these are constructed from user provided data and it was therefore possible for users to supply values that invalidated or manipulated the JSON output.</system-out>
      <system-err>location: /var/lib/jenkins/workspace/devops-project/target/achat-1.1.jar/BOOT-INF/lib/tomcat-embed-core-9.0.50.jar, project-references: [  ]</system-err>
    </testcase>
    <testcase classname="CVE-2022-23181" name="pkg:maven/org.apache.tomcat.embed/tomcat-embed-core@9.0.50">
      <failure message="cvssV3: HIGH, score: 7.0 (CVSS:3.1/AV:L/AC:H/PR:L/UI:N/S:U/C:H/I:H/A:H)"/>
      <system-out>The fix for bug CVE-2020-9484 introduced a time of check, time of use vulnerability into Apache Tomcat 10.1.0-M1 to 10.1.0-M8, 10.0.0-M5 to 10.0.14, 9.0.35 to 9.0.56 and 8.5.55 to 8.5.73 that allowed a local attacker to perform actions with the privileges of the user that the Tomcat process is using. This issue is only exploitable when Tomcat is configured to persist sessions using the FileStore.</system-out>
      <system-err>location: /var/lib/jenkins/workspace/devops-project/target/achat-1.1.jar/BOOT-INF/lib/tomcat-embed-core-9.0.50.jar, project-references: [  ]</system-err>
    </testcase>
    <testcase classname="CVE-2022-34305" name="pkg:maven/org.apache.tomcat.embed/tomcat-embed-core@9.0.50">
      <failure message="cvssV3: MEDIUM, score: 6.1 (CVSS:3.1/AV:N/AC:L/PR:N/UI:R/S:C/C:L/I:L/A:N)"/>
      <system-out>In Apache Tomcat 10.1.0-M1 to 10.1.0-M16, 10.0.0-M1 to 10.0.22, 9.0.30 to 9.0.64 and 8.5.50 to 8.5.81 the Form authentication example in the examples web application displayed user provided data without filtering, exposing a XSS vulnerability.</system-out>
      <system-err>location: /var/lib/jenkins/workspace/devops-project/target/achat-1.1.jar/BOOT-INF/lib/tomcat-embed-core-9.0.50.jar, project-references: [  ]</system-err>
    </testcase>
    <testcase classname="CVE-2023-41080" name="pkg:maven/org.apache.tomcat.embed/tomcat-embed-core@9.0.50">
      <failure message="cvssV3: MEDIUM, score: 6.1 (CVSS:3.1/AV:N/AC:L/PR:N/UI:R/S:C/C:L/I:L/A:N)"/>
      <system-out>URL Redirection to Untrusted Site (&apos;Open Redirect&apos;) vulnerability in FORM authentication feature Apache Tomcat.This issue affects Apache Tomcat: from 11.0.0-M1 through 11.0.0-M10, from 10.1.0-M1 through 10.0.12, from 9.0.0-M1 through 9.0.79 and from 8.5.0 through 8.5.92.

The vulnerability is limited to the ROOT (default) web application.</system-out>
      <system-err>location: /var/lib/jenkins/workspace/devops-project/target/achat-1.1.jar/BOOT-INF/lib/tomcat-embed-core-9.0.50.jar, project-references: [  ]</system-err>
    </testcase>
    <testcase classname="CVE-2023-28708" name="pkg:maven/org.apache.tomcat.embed/tomcat-embed-core@9.0.50">
      <failure message="cvssV3: MEDIUM, score: 4.3 (CVSS:3.1/AV:N/AC:L/PR:N/UI:R/S:U/C:L/I:N/A:N)"/>
      <system-out>When using the RemoteIpFilter with requests received from a reverse proxy via HTTP that include the X-Forwarded-Proto header set to https, session cookies created by Apache Tomcat 11.0.0-M1 to 11.0.0.-M2, 10.1.0-M1 to 10.1.5, 9.0.0-M1 to 9.0.71 and 8.5.0 to 8.5.85 did not include the secure attribute. This could result in the user agent transmitting the session cookie over an insecure channel.</system-out>
      <system-err>location: /var/lib/jenkins/workspace/devops-project/target/achat-1.1.jar/BOOT-INF/lib/tomcat-embed-core-9.0.50.jar, project-references: [  ]</system-err>
    </testcase>
    <testcase classname="CVE-2021-43980" name="pkg:maven/org.apache.tomcat.embed/tomcat-embed-core@9.0.50">
      <failure message="cvssV3: LOW, score: 3.7 (CVSS:3.1/AV:N/AC:H/PR:N/UI:N/S:U/C:L/I:N/A:N)"/>
      <system-out>The simplified implementation of blocking reads and writes introduced in Tomcat 10 and back-ported to Tomcat 9.0.47 onwards exposed a long standing (but extremely hard to trigger) concurrency bug in Apache Tomcat 10.1.0 to 10.1.0-M12, 10.0.0-M1 to 10.0.18, 9.0.0-M1 to 9.0.60 and 8.5.0 to 8.5.77 that could cause client connections to share an Http11Processor instance resulting in responses, or part responses, to be received by the wrong client.</system-out>
      <system-err>location: /var/lib/jenkins/workspace/devops-project/target/achat-1.1.jar/BOOT-INF/lib/tomcat-embed-core-9.0.50.jar, project-references: [  ]</system-err>
    </testcase>
  </testsuite>
  <testsuite failures="0" errors="0" time="0" id="59" name="/var/lib/jenkins/workspace/devops-project/target/achat-1.1.jar/BOOT-INF/lib/tomcat-embed-el-9.0.50.jar" package="achat-1.1.jar: tomcat-embed-el-9.0.50.jar" skipped="0" tests="1" timestamp="2023-10-08T15:12:09.506474">
    <testcase classname="dependency-check" name="achat-1.1.jar: tomcat-embed-el-9.0.50.jar"/>
  </testsuite>
  <testsuite failures="0" errors="0" time="0" id="60" name="/var/lib/jenkins/workspace/devops-project/target/achat-1.1.jar/BOOT-INF/lib/txw2-2.3.4.jar" package="achat-1.1.jar: txw2-2.3.4.jar" skipped="0" tests="1" timestamp="2023-10-08T15:12:09.506474">
    <testcase classname="dependency-check" name="achat-1.1.jar: txw2-2.3.4.jar"/>
  </testsuite>
  <testsuite failures="0" errors="0" time="0" id="61" name="/var/lib/jenkins/workspace/devops-project/.mvn/wrapper/maven-wrapper.jar" package="maven-wrapper.jar" skipped="0" tests="1" timestamp="2023-10-08T15:12:09.506474">
    <testcase classname="dependency-check" name="maven-wrapper.jar"/>
  </testsuite>
</testsuites>
